INFO    : Building target web
INFO    : PreTeXt source passed schema validation.
INFO    : XSL conversion of /Users/mcnerneyjrr/Documents/PreTeXt/teaching-alg1/source/main.ptx by /Users/mcnerneyjrr/.ptx/2.20.0/core/xsl/utilities/pretext-enhanced-source.xsl
INFO    : successful application of /Users/mcnerneyjrr/.ptx/2.20.0/core/xsl/utilities/pretext-enhanced-source.xsl
INFO    : Generating any needed assets.
INFO    : XSL conversion of /Users/mcnerneyjrr/Documents/PreTeXt/teaching-alg1/source/main.ptx by /Users/mcnerneyjrr/.ptx/2.20.0/core/xsl/utilities/pretext-enhanced-source.xsl
INFO    : successful application of /Users/mcnerneyjrr/.ptx/2.20.0/core/xsl/utilities/pretext-enhanced-source.xsl
INFO    : XSL conversion of /Users/mcnerneyjrr/Documents/PreTeXt/teaching-alg1/source/main.ptx by /Users/mcnerneyjrr/.ptx/2.20.0/core/xsl/utilities/pretext-enhanced-source.xsl
INFO    : successful application of /Users/mcnerneyjrr/.ptx/2.20.0/core/xsl/utilities/pretext-enhanced-source.xsl
INFO    : XSL conversion of /Users/mcnerneyjrr/Documents/PreTeXt/teaching-alg1/source/main.ptx by /Users/mcnerneyjrr/.ptx/2.20.0/core/xsl/utilities/pretext-enhanced-source.xsl
INFO    : successful application of /Users/mcnerneyjrr/.ptx/2.20.0/core/xsl/utilities/pretext-enhanced-source.xsl
INFO    : XSL conversion of /Users/mcnerneyjrr/Documents/PreTeXt/teaching-alg1/source/main.ptx by /Users/mcnerneyjrr/.ptx/2.20.0/core/xsl/utilities/pretext-enhanced-source.xsl
INFO    : successful application of /Users/mcnerneyjrr/.ptx/2.20.0/core/xsl/utilities/pretext-enhanced-source.xsl
INFO    : XSL conversion of /Users/mcnerneyjrr/Documents/PreTeXt/teaching-alg1/source/main.ptx by /Users/mcnerneyjrr/.ptx/2.20.0/core/xsl/utilities/pretext-enhanced-source.xsl
INFO    : successful application of /Users/mcnerneyjrr/.ptx/2.20.0/core/xsl/utilities/pretext-enhanced-source.xsl
INFO    : XSL conversion of /Users/mcnerneyjrr/Documents/PreTeXt/teaching-alg1/source/main.ptx by /Users/mcnerneyjrr/.ptx/2.20.0/core/xsl/utilities/pretext-enhanced-source.xsl
INFO    : successful application of /Users/mcnerneyjrr/.ptx/2.20.0/core/xsl/utilities/pretext-enhanced-source.xsl
INFO    : XSL conversion of /Users/mcnerneyjrr/Documents/PreTeXt/teaching-alg1/source/main.ptx by /Users/mcnerneyjrr/.ptx/2.20.0/core/xsl/utilities/pretext-enhanced-source.xsl
INFO    : successful application of /Users/mcnerneyjrr/.ptx/2.20.0/core/xsl/utilities/pretext-enhanced-source.xsl
INFO    : XSL conversion of /Users/mcnerneyjrr/Documents/PreTeXt/teaching-alg1/source/main.ptx by /Users/mcnerneyjrr/.ptx/2.20.0/core/xsl/utilities/pretext-enhanced-source.xsl
INFO    : successful application of /Users/mcnerneyjrr/.ptx/2.20.0/core/xsl/utilities/pretext-enhanced-source.xsl
INFO    : XSL conversion of /Users/mcnerneyjrr/Documents/PreTeXt/teaching-alg1/source/main.ptx by /Users/mcnerneyjrr/.ptx/2.20.0/core/xsl/utilities/pretext-enhanced-source.xsl
INFO    : successful application of /Users/mcnerneyjrr/.ptx/2.20.0/core/xsl/utilities/pretext-enhanced-source.xsl
INFO    : XSL conversion of /Users/mcnerneyjrr/Documents/PreTeXt/teaching-alg1/source/main.ptx by /Users/mcnerneyjrr/.ptx/2.20.0/core/xsl/utilities/pretext-enhanced-source.xsl
INFO    : successful application of /Users/mcnerneyjrr/.ptx/2.20.0/core/xsl/utilities/pretext-enhanced-source.xsl
INFO    : XSL conversion of /Users/mcnerneyjrr/Documents/PreTeXt/teaching-alg1/source/main.ptx by /Users/mcnerneyjrr/.ptx/2.20.0/core/xsl/utilities/pretext-enhanced-source.xsl
INFO    : successful application of /Users/mcnerneyjrr/.ptx/2.20.0/core/xsl/utilities/pretext-enhanced-source.xsl
INFO    : XSL conversion of /Users/mcnerneyjrr/Documents/PreTeXt/teaching-alg1/source/main.ptx by /Users/mcnerneyjrr/.ptx/2.20.0/core/xsl/utilities/pretext-enhanced-source.xsl
INFO    : successful application of /Users/mcnerneyjrr/.ptx/2.20.0/core/xsl/utilities/pretext-enhanced-source.xsl
INFO    : XSL conversion of /Users/mcnerneyjrr/Documents/PreTeXt/teaching-alg1/source/main.ptx by /Users/mcnerneyjrr/.ptx/2.20.0/core/xsl/utilities/pretext-enhanced-source.xsl
INFO    : successful application of /Users/mcnerneyjrr/.ptx/2.20.0/core/xsl/utilities/pretext-enhanced-source.xsl
INFO    : XSL conversion of /Users/mcnerneyjrr/Documents/PreTeXt/teaching-alg1/source/main.ptx by /Users/mcnerneyjrr/.ptx/2.20.0/core/xsl/utilities/pretext-enhanced-source.xsl
INFO    : successful application of /Users/mcnerneyjrr/.ptx/2.20.0/core/xsl/utilities/pretext-enhanced-source.xsl
INFO    : Finished generating assets.

INFO    : Preparing to build into /Users/mcnerneyjrr/Documents/PreTeXt/teaching-alg1/output/web.
INFO    : discovering source file's directory name: /Users/mcnerneyjrr/Documents/PreTeXt/teaching-alg1/source
INFO    : verifying and expanding input directory: /Users/mcnerneyjrr/Documents/PreTeXt/teaching-alg1/source/../generated-assets
INFO    : input directory expanded to absolute path: /Users/mcnerneyjrr/Documents/PreTeXt/teaching-alg1/generated-assets
INFO    : verifying and expanding input directory: /Users/mcnerneyjrr/Documents/PreTeXt/teaching-alg1/source/../assets
INFO    : input directory expanded to absolute path: /Users/mcnerneyjrr/Documents/PreTeXt/teaching-alg1/assets
INFO    : XSL conversion of /Users/mcnerneyjrr/Documents/PreTeXt/teaching-alg1/source/main.ptx by /Users/mcnerneyjrr/.ptx/2.20.0/core/xsl/utilities/report-publisher-variables.xsl
INFO    : successful application of /Users/mcnerneyjrr/.ptx/2.20.0/core/xsl/utilities/report-publisher-variables.xsl
INFO    : Downloading rs services file from https://runestone.academy/cdn/runestone/latest/webpack_static_imports.xml.
INFO    : Runestone Services via online CDN query: version 7.9.8
INFO    : Downloading Runestone Services, version 7.9.8
INFO    : Extracting Runestone Services from archive file
INFO    : Building custom css theme: theme-default-modern
INFO    : converting /Users/mcnerneyjrr/Documents/PreTeXt/teaching-alg1/source/main.ptx to HTML in /var/folders/c3/hzk1j_p54hg00s5_2yppjhp40000gq/T/ptx-gf9nj1ps
INFO    : XSL conversion of /Users/mcnerneyjrr/Documents/PreTeXt/teaching-alg1/source/main.ptx by /Users/mcnerneyjrr/.ptx/2.20.0/core/xsl/pretext-html.xsl
INFO    : messages from the log for XSL processing:
INFO    : * PTX:INFO:   checking ONLY the last TWO YEARS of element deprecations.
Rerun with the string parameter "author.deprecations.all" set to "yes" to check your source against all deprecations.
INFO    : successful application of /Users/mcnerneyjrr/.ptx/2.20.0/core/xsl/pretext-html.xsl
INFO    : Removing temporary directory /var/folders/c3/hzk1j_p54hg00s5_2yppjhp40000gq/T/ptx-gf9nj1ps
INFO    : Removing temporary directory /var/folders/c3/hzk1j_p54hg00s5_2yppjhp40000gq/T/ptx-vcu_u7j2
INFO    : 
Success! Run `pretext view web` to see the results.

INFO    : 
