INFO    : Building target print
INFO    : PreTeXt source passed schema validation.
INFO    : XSL conversion of /Users/mcnerneyjrr/Documents/PreTeXt/teaching-alg1/source/main.ptx by /Users/mcnerneyjrr/.ptx/2.20.0/core/xsl/utilities/pretext-enhanced-source.xsl
INFO    : successful application of /Users/mcnerneyjrr/.ptx/2.20.0/core/xsl/utilities/pretext-enhanced-source.xsl
INFO    : Generating any needed assets.
INFO    : XSL conversion of /Users/mcnerneyjrr/Documents/PreTeXt/teaching-alg1/source/main.ptx by /Users/mcnerneyjrr/.ptx/2.20.0/core/xsl/utilities/pretext-enhanced-source.xsl
INFO    : successful application of /Users/mcnerneyjrr/.ptx/2.20.0/core/xsl/utilities/pretext-enhanced-source.xsl
INFO    : XSL conversion of /Users/mcnerneyjrr/Documents/PreTeXt/teaching-alg1/source/main.ptx by /Users/mcnerneyjrr/.ptx/2.20.0/core/xsl/utilities/pretext-enhanced-source.xsl
INFO    : successful application of /Users/mcnerneyjrr/.ptx/2.20.0/core/xsl/utilities/pretext-enhanced-source.xsl
INFO    : XSL conversion of /Users/mcnerneyjrr/Documents/PreTeXt/teaching-alg1/source/main.ptx by /Users/mcnerneyjrr/.ptx/2.20.0/core/xsl/utilities/pretext-enhanced-source.xsl
INFO    : successful application of /Users/mcnerneyjrr/.ptx/2.20.0/core/xsl/utilities/pretext-enhanced-source.xsl
INFO    : XSL conversion of /Users/mcnerneyjrr/Documents/PreTeXt/teaching-alg1/source/main.ptx by /Users/mcnerneyjrr/.ptx/2.20.0/core/xsl/utilities/pretext-enhanced-source.xsl
INFO    : successful application of /Users/mcnerneyjrr/.ptx/2.20.0/core/xsl/utilities/pretext-enhanced-source.xsl
INFO    : XSL conversion of /Users/mcnerneyjrr/Documents/PreTeXt/teaching-alg1/source/main.ptx by /Users/mcnerneyjrr/.ptx/2.20.0/core/xsl/utilities/pretext-enhanced-source.xsl
INFO    : successful application of /Users/mcnerneyjrr/.ptx/2.20.0/core/xsl/utilities/pretext-enhanced-source.xsl
INFO    : XSL conversion of /Users/mcnerneyjrr/Documents/PreTeXt/teaching-alg1/source/main.ptx by /Users/mcnerneyjrr/.ptx/2.20.0/core/xsl/utilities/pretext-enhanced-source.xsl
INFO    : successful application of /Users/mcnerneyjrr/.ptx/2.20.0/core/xsl/utilities/pretext-enhanced-source.xsl
INFO    : XSL conversion of /Users/mcnerneyjrr/Documents/PreTeXt/teaching-alg1/source/main.ptx by /Users/mcnerneyjrr/.ptx/2.20.0/core/xsl/utilities/pretext-enhanced-source.xsl
INFO    : successful application of /Users/mcnerneyjrr/.ptx/2.20.0/core/xsl/utilities/pretext-enhanced-source.xsl
INFO    : XSL conversion of /Users/mcnerneyjrr/Documents/PreTeXt/teaching-alg1/source/main.ptx by /Users/mcnerneyjrr/.ptx/2.20.0/core/xsl/utilities/pretext-enhanced-source.xsl
INFO    : successful application of /Users/mcnerneyjrr/.ptx/2.20.0/core/xsl/utilities/pretext-enhanced-source.xsl
INFO    : XSL conversion of /Users/mcnerneyjrr/Documents/PreTeXt/teaching-alg1/source/main.ptx by /Users/mcnerneyjrr/.ptx/2.20.0/core/xsl/utilities/pretext-enhanced-source.xsl
INFO    : successful application of /Users/mcnerneyjrr/.ptx/2.20.0/core/xsl/utilities/pretext-enhanced-source.xsl
INFO    : XSL conversion of /Users/mcnerneyjrr/Documents/PreTeXt/teaching-alg1/source/main.ptx by /Users/mcnerneyjrr/.ptx/2.20.0/core/xsl/utilities/pretext-enhanced-source.xsl
INFO    : successful application of /Users/mcnerneyjrr/.ptx/2.20.0/core/xsl/utilities/pretext-enhanced-source.xsl
INFO    : XSL conversion of /Users/mcnerneyjrr/Documents/PreTeXt/teaching-alg1/source/main.ptx by /Users/mcnerneyjrr/.ptx/2.20.0/core/xsl/utilities/pretext-enhanced-source.xsl
INFO    : successful application of /Users/mcnerneyjrr/.ptx/2.20.0/core/xsl/utilities/pretext-enhanced-source.xsl
INFO    : XSL conversion of /Users/mcnerneyjrr/Documents/PreTeXt/teaching-alg1/source/main.ptx by /Users/mcnerneyjrr/.ptx/2.20.0/core/xsl/utilities/pretext-enhanced-source.xsl
INFO    : successful application of /Users/mcnerneyjrr/.ptx/2.20.0/core/xsl/utilities/pretext-enhanced-source.xsl
INFO    : XSL conversion of /Users/mcnerneyjrr/Documents/PreTeXt/teaching-alg1/source/main.ptx by /Users/mcnerneyjrr/.ptx/2.20.0/core/xsl/utilities/pretext-enhanced-source.xsl
INFO    : successful application of /Users/mcnerneyjrr/.ptx/2.20.0/core/xsl/utilities/pretext-enhanced-source.xsl
INFO    : XSL conversion of /Users/mcnerneyjrr/Documents/PreTeXt/teaching-alg1/source/main.ptx by /Users/mcnerneyjrr/.ptx/2.20.0/core/xsl/utilities/pretext-enhanced-source.xsl
INFO    : successful application of /Users/mcnerneyjrr/.ptx/2.20.0/core/xsl/utilities/pretext-enhanced-source.xsl
INFO    : Finished generating assets.

INFO    : Preparing to build into /Users/mcnerneyjrr/Documents/PreTeXt/teaching-alg1/output/print.
INFO    : discovering source file's directory name: /Users/mcnerneyjrr/Documents/PreTeXt/teaching-alg1/source
INFO    : verifying and expanding input directory: /Users/mcnerneyjrr/Documents/PreTeXt/teaching-alg1/source/../generated-assets
INFO    : input directory expanded to absolute path: /Users/mcnerneyjrr/Documents/PreTeXt/teaching-alg1/generated-assets
INFO    : verifying and expanding input directory: /Users/mcnerneyjrr/Documents/PreTeXt/teaching-alg1/source/../assets
INFO    : input directory expanded to absolute path: /Users/mcnerneyjrr/Documents/PreTeXt/teaching-alg1/assets
INFO    : XSL conversion of /Users/mcnerneyjrr/Documents/PreTeXt/teaching-alg1/source/main.ptx by /Users/mcnerneyjrr/.ptx/2.20.0/core/xsl/utilities/report-publisher-variables.xsl
INFO    : successful application of /Users/mcnerneyjrr/.ptx/2.20.0/core/xsl/utilities/report-publisher-variables.xsl
INFO    : converting /Users/mcnerneyjrr/Documents/PreTeXt/teaching-alg1/source/main.ptx to LaTeX as /var/folders/c3/hzk1j_p54hg00s5_2yppjhp40000gq/T/ptx-s4hj_8zv/main.tex
INFO    : XSL conversion of /Users/mcnerneyjrr/Documents/PreTeXt/teaching-alg1/source/main.ptx by /Users/mcnerneyjrr/.ptx/2.20.0/core/xsl/pretext-latex.xsl
INFO    : messages from the log for XSL processing:
INFO    : * PTX:INFO:   checking ONLY the last TWO YEARS of element deprecations.
Rerun with the string parameter "author.deprecations.all" set to "yes" to check your source against all deprecations.
INFO    : successful application of /Users/mcnerneyjrr/.ptx/2.20.0/core/xsl/pretext-latex.xsl
INFO    : XSL conversion of /Users/mcnerneyjrr/Documents/PreTeXt/teaching-alg1/source/main.ptx by /Users/mcnerneyjrr/.ptx/2.20.0/core/xsl/utilities/report-publisher-variables.xsl
INFO    : successful application of /Users/mcnerneyjrr/.ptx/2.20.0/core/xsl/utilities/report-publisher-variables.xsl
CRITICAL: PTX:ERROR: cannot locate executable with configuration name `xelatex` as command `xelatex`
***  Edit the configuration file  ("pretext.cfg" or "project.ptx") and/or install  ***
***  the necessary program and/or make sure the executable is on your PATH         ***
INFO    : ------------------------
CRITICAL: Failed to build.  Exiting...
INFO    : 
----------------------------------------------------
INFO    : While running pretext, the following errors occurred:

INFO    : (see log messages above or in the 'logs' folder for more information)
INFO    : ----------------------------------------------------
